info: May-11-2022 22:48:10: 	UserAction
info: May-11-2022 22:02:33: 	Register
info: May-11-2022 22:02:53: 	Login
info: May-11-2022 22:02:59: 	Login error
info: May-11-2022 22:09:49: 	Login error
info: May-11-2022 22:10:02: 	Login error
info: May-11-2022 22:10:14: 	Login error
info: May-11-2022 22:11:10: 	Login error
info: May-11-2022 22:13:39: 	Login error
info: May-11-2022 22:18:09: 	Login error
info: May-11-2022 22:20:28: 	Login
info: May-11-2022 22:20:41: 	Login
info: May-11-2022 22:21:21: 	Login error
info: May-11-2022 22:22:06: 	Register
info: May-11-2022 22:48:25: 	Register
info: May-12-2022 15:21:32: 	UserAction
info: May-12-2022 15:22:22: 	UserAction
info: May-12-2022 15:24:00: 	UserAction
info: May-12-2022 15:25:00: 	UserAction
info: May-12-2022 15:25:20: 	UserAction
info: May-12-2022 15:27:03: 	UserAction
info: Nov-27-2022 10:30:19: 	UserAction
info: Nov-27-2022 11:16:06: 	UserAction
info: Nov-28-2022 15:26:45: 	UserAction
info: Nov-28-2022 15:27:57: 	UserActioninfo: May-24-2023 15:17:28: 	UserAction
info: May-24-2023 15:20:03: 	UserAction
info: May-24-2023 15:22:04: 	Login error
info: May-24-2023 15:22:15: 	Login error
info: May-24-2023 15:22:19: 	Login error
info: May-24-2023 15:22:28: 	Login
info: May-24-2023 15:23:07: 	UserAction
info: May-24-2023 15:24:15: 	UserAction
info: May-24-2023 15:31:26: 	UserAction
info: May-24-2023 15:46:27: 	UserAction
info: May-24-2023 15:48:26: 	UserAction
info: May-24-2023 15:49:04: 	UserAction
info: May-24-2023 15:49:29: 	UserAction
info: May-24-2023 15:54:38: 	UserAction
info: May-24-2023 15:59:18: 	UserAction
info: May-24-2023 16:15:15: 	UserAction
info: May-24-2023 16:15:25: 	UserAction
info: May-24-2023 16:16:25: 	UserAction
info: May-24-2023 16:28:29: 	UserAction
info: May-24-2023 16:29:25: 	UserAction
info: May-24-2023 16:29:47: 	UserAction
info: May-24-2023 16:36:44: 	UserAction
info: May-24-2023 16:37:36: 	UserAction
info: May-24-2023 16:43:29: 	Login
info: May-24-2023 17:43:42: 	UserAction
info: May-24-2023 17:46:38: 	UserAction
info: May-24-2023 17:50:24: 	UserAction
info: May-24-2023 17:53:50: 	Login
info: May-24-2023 18:05:58: 	UserAction
info: May-24-2023 20:04:43: 	UserAction
info: May-24-2023 20:06:17: 	UserAction
info: May-24-2023 20:06:38: 	UserAction
info: May-24-2023 20:15:20: 	UserAction
info: May-24-2023 20:16:57: 	UserAction
info: May-24-2023 20:18:31: 	UserAction
info: May-24-2023 20:24:00: 	UserAction
info: May-24-2023 20:55:13: 	Login
info: May-24-2023 21:55:57: 	UserAction
